Device:           synaptics_dsx
Kernel:           /dev/input/event7
Group:            1
Seat:             seat0, default
Capabilities:     keyboard touch 
Tap-to-click:     n/a
Tap-and-drag:     n/a
Tap drag lock:    n/a
Left-handed:      n/a
Nat.scrolling:    n/a
Middle emulation: n/a
Calibration:      identity matrix
Scroll methods:   none
Click methods:    none
Disable-w-typing: n/a
Disable-w-trackpointing: n/a
Accel profiles:   n/a
Rotation:         0.0

Device:           fpc1020
Kernel:           /dev/input/event2
Group:            2
Seat:             seat0, default
Capabilities:     keyboard 
Tap-to-click:     n/a
Tap-and-drag:     n/a
Tap drag lock:    n/a
Left-handed:      n/a
Nat.scrolling:    n/a
Middle emulation: n/a
Calibration:      n/a
Scroll methods:   none
Click methods:    none
Disable-w-typing: n/a
Disable-w-trackpointing: n/a
Accel profiles:   n/a
Rotation:         0.0

Device:           gpio-keys
Kernel:           /dev/input/event6
Group:            3
Seat:             seat0, default
Capabilities:     keyboard 
Tap-to-click:     n/a
Tap-and-drag:     n/a
Tap drag lock:    n/a
Left-handed:      n/a
Nat.scrolling:    n/a
Middle emulation: n/a
Calibration:      n/a
Scroll methods:   none
Click methods:    none
Disable-w-typing: n/a
Disable-w-trackpointing: n/a
Accel profiles:   n/a
Rotation:         0.0

Device:           qpnp_pon
Kernel:           /dev/input/event0
Group:            4
Seat:             seat0, default
Capabilities:     keyboard 
Tap-to-click:     n/a
Tap-and-drag:     n/a
Tap drag lock:    n/a
Left-handed:      n/a
Nat.scrolling:    n/a
Middle emulation: n/a
Calibration:      n/a
Scroll methods:   none
Click methods:    none
Disable-w-typing: n/a
Disable-w-trackpointing: n/a
Accel profiles:   n/a
Rotation:         0.0

Device:           HDMI CEC User or Deck Control
Kernel:           /dev/input/event1
Group:            5
Seat:             seat0, default
Capabilities:     keyboard 
Tap-to-click:     n/a
Tap-and-drag:     n/a
Tap drag lock:    n/a
Left-handed:      n/a
Nat.scrolling:    n/a
Middle emulation: n/a
Calibration:      n/a
Scroll methods:   none
Click methods:    none
Disable-w-typing: n/a
Disable-w-trackpointing: n/a
Accel profiles:   n/a
Rotation:         0.0

Device:           hbtp_vm
Kernel:           /dev/input/event3
Group:            6
Seat:             seat0, default
Capabilities:     pointer 
Tap-to-click:     n/a
Tap-and-drag:     n/a
Tap drag lock:    n/a
Left-handed:      disabled
Nat.scrolling:    disabled
Middle emulation: n/a
Calibration:      n/a
Scroll methods:   button
Click methods:    none
Disable-w-typing: n/a
Disable-w-trackpointing: n/a
Accel profiles:   flat *adaptive custom
Rotation:         0.0

Device:           AK8789_HALL_SENSOR
Kernel:           /dev/input/event4
Group:            7
Seat:             seat0, default
Capabilities:     keyboard switch
Tap-to-click:     n/a
Tap-and-drag:     n/a
Tap drag lock:    n/a
Left-handed:      n/a
Nat.scrolling:    n/a
Middle emulation: n/a
Calibration:      n/a
Scroll methods:   none
Click methods:    none
Disable-w-typing: n/a
Disable-w-trackpointing: n/a
Accel profiles:   n/a
Rotation:         0.0

Device:           cypress-cap-sensor
Kernel:           /dev/input/event5
Group:            8
Seat:             seat0, default
Capabilities:     keyboard 
Tap-to-click:     n/a
Tap-and-drag:     n/a
Tap drag lock:    n/a
Left-handed:      n/a
Nat.scrolling:    n/a
Middle emulation: n/a
Calibration:      n/a
Scroll methods:   none
Click methods:    none
Disable-w-typing: n/a
Disable-w-trackpointing: n/a
Accel profiles:   n/a
Rotation:         0.0
