[230396.664120] [NFC] pn544_dev_open : major=10, minor=56
[230396.664136] [NFC] pn544_dev_ioctl power off delay 100ms
[230396.664152] [NFC] pn544_Disable: gpio=12 set_value=0
[230396.665642] init: Control message: Could not find 'vendor.nxp.nxpese@1.0::INxpEse/default' for ctl.interface_start from pid: 773 (/system/bin/hwservicemanager)
[230396.764930] [NFC] pn544_dev_ioctl pn544_Disable, set is_debug = 0, s_wdcmd_cnt = 4
[230396.775088] [NFC] pn544_dev_ioctl power on delay 100ms
[230396.775184] [NFC] pn544_Enable: gpio=12 set_value=1
[230396.878320] [NFC] pn544_dev_ioctl pn544_Enable, set is_debug = 1, s_wdcmd_cnt : 0
[230396.879346] [NFC] pn544_dev_read: start count = 3
[230396.879369] [NFC] pn544_dev_read: reading 3 bytes, irq_gpio = 0
[230396.879394] [NFC] pn544_dev_read: waiting read-event INT, because irq_gpio = 0
[230396.879439] [NFC] pn544_dev_write: start count = 4
[230396.879520] [NFC] pn544_dev_write: writing 4 bytes
[230396.879531] [NFC] pn544_dev_write : [0] = 0x20
[230396.879537] [NFC] pn544_dev_write : [1] = 0x0
[230396.879543] [NFC] pn544_dev_write : [2] = 0x1
[230396.879549] [NFC] pn544_dev_write : [3] = 0x0
[230396.879556] [NFC] pn544_TxData: [addr=28 flag=0 len=4]
[230396.879561] [NFC] pn544_TxData: retry 0 ........
[230396.881388] [NFC] pn544_dev_write done count = 4
[230396.882555] [NFC] pn544_dev_irq_handler: irq=364
[230396.882588] [NFC] pn544_dev_read : wait_event_interruptible done
[230396.882604] [NFC] pn544_RxData: [addr=28 flag=1 len=3]
[230396.882614] [NFC] pn544_RxData: retry 0 ........
[230396.884001] [NFC] pn544_dev_read : [0] = 0x40
[230396.884011] [NFC] pn544_dev_read : [1] = 0x0
[230396.884017] [NFC] pn544_dev_read : [2] = 0x3
[230396.884025] [NFC] pn544_dev_read done count = 3
[230396.884042] [NFC] pn544_dev_read: start count = 3
[230396.884057] [NFC] pn544_dev_read: reading 3 bytes, irq_gpio = 1
[230396.884068] [NFC] pn544_RxData: [addr=28 flag=1 len=3]
[230396.884074] [NFC] pn544_RxData: retry 0 ........
[230396.885483] [NFC] pn544_dev_read : [0] = 0x0
[230396.885492] [NFC] pn544_dev_read : [1] = 0x11
[230396.885498] [NFC] pn544_dev_read : [2] = 0x0
[230396.885507] [NFC] pn544_dev_read done count = 3
[230396.885837] [NFC] pn544_dev_read: start count = 3
[230396.885853] [NFC] pn544_dev_write: start count = 3
[230396.885863] [NFC] pn544_dev_write: writing 3 bytes
[230396.885873] [NFC] pn544_dev_read: reading 3 bytes, irq_gpio = 0
[230396.885882] [NFC] pn544_dev_write : [0] = 0x20
[230396.885888] [NFC] pn544_dev_write : [1] = 0x1
[230396.885893] [NFC] pn544_dev_write : [2] = 0x0
[230396.885896] [NFC] pn544_dev_read: waiting read-event INT, because irq_gpio = 0
[230396.885904] [NFC] pn544_TxData: [addr=28 flag=0 len=3]
[230396.885910] [NFC] pn544_TxData: retry 0 ........
[230396.886708] [NFC] pn544_dev_read : wait_event_interruptible done
[230396.886726] [NFC] pn544_RxData: [addr=28 flag=1 len=3]
[230396.886733] [NFC] pn544_RxData: retry 0 ........
[230396.887365] [NFC] pn544_dev_write done count = 3
[230396.889066] [NFC] pn544_dev_read : [0] = 0x40
[230396.889081] [NFC] pn544_dev_read : [1] = 0x1
[230396.889087] [NFC] pn544_dev_read : [2] = 0x19
[230396.889096] [NFC] pn544_dev_read done count = 3
[230396.889121] [NFC] pn544_dev_read: start count = 25
[230396.889138] [NFC] pn544_dev_read: reading 25 bytes, irq_gpio = 1
[230396.889156] [NFC] pn544_RxData: [addr=28 flag=1 len=19]
[230396.889162] [NFC] pn544_RxData: retry 0 ........
[230396.891148] [NFC] pn544_dev_read : [0] = 0x0
[230396.891163] [NFC] pn544_dev_read : [1] = 0x3
[230396.891169] [NFC] pn544_dev_read : [2] = 0x1e
[230396.891175] [NFC] pn544_dev_read : [3] = 0x3
[230396.891180] [NFC] pn544_dev_read : [4] = 0x0
[230396.891186] [NFC] pn544_dev_read : [5] = 0x8
[230396.891191] [NFC] pn544_dev_read : [6] = 0x0
[230396.891196] [NFC] pn544_dev_read : [7] = 0x1
[230396.891202] [NFC] pn544_dev_read : [8] = 0x2
[230396.891207] [NFC] pn544_dev_read : [9] = 0x3
[230396.891212] [NFC] pn544_dev_read : [10] = 0x80
[230396.891217] [NFC] pn544_dev_read : [11] = 0x81
[230396.891223] [NFC] pn544_dev_read : [12] = 0x82
[230396.891228] [NFC] pn544_dev_read : [13] = 0x83
[230396.891233] [NFC] pn544_dev_read : [14] = 0x2
[230396.891238] [NFC] pn544_dev_read : [15] = 0xd0
[230396.891243] [NFC] pn544_dev_read : [16] = 0x2
[230396.891249] [NFC] pn544_dev_read : [17] = 0xff
[230396.891254] [NFC] pn544_dev_read : [18] = 0x2
[230396.891259] [NFC] pn544_dev_read : [19] = 0x0
[230396.891264] [NFC] pn544_dev_read : [20] = 0x4
[230396.891269] [NFC] pn544_dev_read : [21] = 0x28
[230396.891274] [NFC] pn544_dev_read : [22] = 0x10
[230396.891279] [NFC] pn544_dev_read : [23] = 0x1
[230396.891284] [NFC] pn544_dev_read : [24] = 0x19
[230396.891292] [NFC] pn544_dev_read done count = 25
[230396.891953] [NFC] pn544_dev_write: start count = 6
[230396.891967] [NFC] pn544_dev_write: writing 6 bytes
[230396.891975] [NFC] pn544_dev_write : [0] = 0x20
[230396.891982] [NFC] pn544_dev_write : [1] = 0x3
[230396.891988] [NFC] pn544_dev_write : [2] = 0x3
[230396.891993] [NFC] pn544_dev_write : [3] = 0x1
[230396.891998] [NFC] pn544_dev_write : [4] = 0xa0
[230396.892003] [NFC] pn544_dev_write : [5] = 0x5
[230396.892009] [NFC] pn544_TxData: [addr=28 flag=0 len=6]
[230396.892015] [NFC] pn544_TxData: retry 0 ........
[230396.892156] [NFC] pn544_dev_read: start count = 3
[230396.892179] [NFC] pn544_dev_read: reading 3 bytes, irq_gpio = 0
[230396.892202] [NFC] pn544_dev_read: waiting read-event INT, because irq_gpio = 0
[230396.893051] [NFC] pn544_dev_read : wait_event_interruptible done
[230396.893071] [NFC] pn544_RxData: [addr=28 flag=1 len=3]
[230396.893078] [NFC] pn544_RxData: retry 0 ........
[230396.893491] [NFC] pn544_dev_write done count = 6
[230396.894655] [NFC] pn544_dev_read : [0] = 0x40
[230396.894668] [NFC] pn544_dev_read : [1] = 0x3
[230396.894674] [NFC] pn544_dev_read : [2] = 0x6
[230396.894683] [NFC] pn544_dev_read done count = 3
[230396.894705] [NFC] pn544_dev_read: start count = 6
[230396.894723] [NFC] pn544_dev_read: reading 6 bytes, irq_gpio = 1
[230396.894737] [NFC] pn544_RxData: [addr=28 flag=1 len=6]
[230396.894742] [NFC] pn544_RxData: retry 0 ........
[230396.896323] [NFC] pn544_dev_read : [0] = 0x0
[230396.896337] [NFC] pn544_dev_read : [1] = 0x1
[230396.896343] [NFC] pn544_dev_read : [2] = 0xa0
[230396.896349] [NFC] pn544_dev_read : [3] = 0x5
[230396.896354] [NFC] pn544_dev_read : [4] = 0x1
[230396.896359] [NFC] pn544_dev_read : [5] = 0x0
[230396.896370] [NFC] pn544_dev_read done count = 6
[230396.901232] [NFC] pn544_dev_read: start count = 3
[230396.901259] [NFC] pn544_dev_read: reading 3 bytes, irq_gpio = 0
[230396.901283] [NFC] pn544_dev_read: waiting read-event INT, because irq_gpio = 0
[230396.909521] [NFC] pn544_dev_write: start count = 5
