0000: 00
0001: 00
0002: 04
0003: 05
0009: 03
0011: 04
0012: 00
0013: 00
0014: 00
0015: 00
0016: 00
0017: 00
0018: 00
001d: 3f
001e: 00
0021: 01
0022: 00
0023: 07
0024: 01
0025: 01
0026: 00
0027: 00
0029: 40
002a: 87
002b: 08
002c: 86
002d: 0a
002e: 24
002f: 30
0030: 0c
0031: 04
0032: 00
0033: 00
0034: 00
0035: 00
0036: a3
0037: 9a
0038: 00
0039: 01
003a: 0d
003b: 00
003c: 00
003d: 00
003e: cc
003f: 00
0041: 06
0042: 00
0043: 00
0044: 00
0045: 06
0046: 00
0047: 00
0048: 00
0049: 06
004a: 00
004b: 00
004c: 00
0051: 0c
0052: 0c
0053: 00
0054: 08
0055: 08
0056: 08
0057: 08
0058: 00
0059: 00
005a: 00
005b: 00
0061: 00
0062: 00
0063: 00
0064: 00
0065: 00
0066: 00
0067: 00
0068: 00
0069: 00
006a: 00
006b: 00
006c: 00
006e: 00
006f: 00
0070: 00
0071: 00
0072: 00
0073: 00
0074: 00
0075: 00
007d: 00
0081: 02
0089: f2
008a: f2
008b: ff
008c: 7f
0091: 00
0092: 00
0093: 00
0094: 00
00a1: 00
00a2: 00
00a3: 00
00a4: ff
00a9: 00
00aa: 00
00ab: 00
00ac: 00
00e1: 01
00e2: 00
00e3: 00
00e4: 00
00e9: 00
00ea: 00
00eb: 00
00ec: 00
00f1: 00
00f2: 00
00f3: 00
00f4: 00
0100: 00
0101: 71
0102: 34
0103: 0b
0104: 02
0105: 04
0106: 02
0107: 64
0108: 00
0109: 94
010a: 70
010b: 40
010c: 00
010d: 00
010e: ff
010f: 6b
0110: 05
0111: 08
0112: 00
0113: 10
0114: 00
0115: 00
0116: 00
0117: 00
0118: 00
0119: 00
011a: 00
011b: 33
011c: 00
011d: 00
011e: 00
011f: 00
0120: 00
0121: 00
0122: 00
0123: 00
0124: 20
0125: 00
0126: 00
0127: 00
0128: 00
0141: 41
0142: 94
0143: 08
0144: 02
0145: 04
0146: 02
0147: 40
0148: 00
0149: 5f
014a: 02
014b: 40
014c: 00
014d: 00
014e: ff
014f: 6b
0150: 05
0151: 08
0152: 00
0153: 30
0154: 80
0155: 00
0156: 00
0157: 00
0158: 00
0159: 00
015a: 00
015b: ff
015c: 00
015d: 00
015e: 00
015f: 00
0160: 00
0161: 00
0162: 00
0163: 00
0164: 00
0165: 00
0166: 00
0167: 00
0168: 00
0181: 41
0182: 94
0183: 08
0184: 02
0185: 04
0186: 02
0187: 40
0188: 00
0189: 5e
018a: 01
018b: 40
018c: 00
018d: 00
018e: ff
018f: 6b
0190: 05
0191: 08
0192: 00
0193: 10
0194: 00
0195: 00
0196: 00
0197: 00
0198: 00
0199: 00
019a: 00
019b: ff
019c: 00
019d: 00
019e: 00
019f: 00
01a0: 00
01a1: 00
01a2: 00
01a3: 00
01a4: 00
01a5: 00
01a6: 00
01a7: 00
01a8: 00
0200: 00
0201: d4
0202: d0
0203: 00
0205: 00
0206: 00
0207: 00
0208: 00
0209: 00
020a: 00
020b: 00
020c: 00
020d: 00
020e: 00
020f: 00
0210: 00
0211: 00
0212: 00
0213: 00
0214: 00
0215: 00
0228: 00
0229: 00
022a: 00
022b: 00
022c: 00
022d: 00
022e: 00
022f: 00
0230: 00
0231: 00
0232: 00
0233: 00
0234: 00
0235: 00
0236: 00
0237: 00
0248: 00
0249: 00
024a: 00
024b: 00
024c: 00
024d: 00
024e: 00
024f: 00
0250: 00
0251: 00
0252: 00
0253: 00
0254: 00
0255: 00
0256: 00
0257: 00
025a: 3c
025b: 60
025c: 13
025d: 01
025e: 00
025f: 00
0260: 04
0261: 60
0262: 3c
0263: 0a
0264: 0a
0265: 0a
0266: 00
0267: 00
0271: 00
0272: 01
0274: 00
0275: 00
0276: ff
0277: 00
0281: 00
0282: 00
0283: 00
0284: 03
0285: 00
0286: 00
0287: 00
0288: 00
0289: 00
028a: 00
028b: 00
028c: 40
028d: 00
028e: 00
028f: 00
0290: 00
0291: 00
0292: 00
0293: 00
0294: 00
0295: 00
0296: 00
0297: 00
0298: 00
0299: 00
029a: 00
029b: 00
029c: 00
029d: 00
029e: 00
0600: 00
0601: 00
0602: 00
0603: b0
0604: b4
0605: 78
0606: 06
0607: e0
0608: 00
0609: 00
060a: 00
060b: 3c
060c: 00
060d: 81
060e: 2c
060f: 0c
0610: 20
0611: 00
0612: 2c
0613: 0c
0614: bd
0615: 09
0616: 00
0617: 00
0618: 00
0619: 10
061a: 1c
061b: 44
061c: 8c
061d: 8c
061e: 8c
061f: 8c
0620: 8c
0621: 8c
0622: 18
0623: 10
0624: 8c
0625: 18
0626: 18
0627: 00
0628: 28
0629: 65
062d: 00
062e: 44
062f: 48
0630: 00
0631: 00
0632: 00
0633: 00
0634: 02
0635: 00
0636: 00
0637: 00
0638: 00
063a: 84
063b: fe
063c: f6
063d: 56
063e: 00
063f: 6c
0640: 44
0641: 57
0642: 92
0643: 35
0644: 61
0645: 6d
0646: 60
0647: 6f
0648: 6f
0649: 6e
064a: 02
064b: 92
064c: 54
064d: 77
064e: 55
064f: 55
0650: 9c
0651: 82
0652: 00
0653: 00
0654: 00
0655: 00
0656: b3
0657: 06
0658: ea
0659: 0f
065a: 00
065b: 00
065c: 00
065d: fe
065e: 58
065f: 51
0660: 1c
0661: 20
0662: 80
0663: ff
0664: 00
0665: 00
0666: 00
0667: 2b
0668: 68
0669: 00
066a: 50
066b: 1a
066c: 18
066d: a4
066e: 1a
066f: 18
0670: 24
0671: 1a
0672: 18
0673: a4
0674: 1a
0675: 18
0676: a4
0677: 39
0678: c0
0679: 6f
067a: 4f
067b: 2e
067c: 00
067d: c7
067e: ff
067f: cc
0680: 09
0681: 0a
0682: 38
0683: ff
0684: 00
0685: 00
0686: 00
0687: cc
0688: 09
0689: 0a
068a: 38
068b: ff
068c: 00
068d: 00
068e: 00
068f: cc
0690: 09
0691: 0a
0692: 38
0693: ff
0694: 00
0695: 00
0696: 00
0697: 40
0698: 3a
0699: 00
069a: 70
069b: a2
069c: 51
069d: 80
069e: 80
069f: 51
06a0: 00
06a1: 00
06a2: 77
06a3: 00
06a4: 4e
06a5: eb
06a6: 45
06a7: 74
06a8: 7f
06a9: 83
06aa: 98
06ab: a9
06ac: 68
06ad: 64
06ae: ed
06af: 50
06b0: a6
06b1: 65
06b2: 00
06b3: 00
06b4: 00
06b5: 74
06b6: 1f
06b7: 77
06b8: a0
06b9: aa
06ba: a9
06bb: 9a
06bc: 8a
06bd: 88
06be: 86
06bf: 82
06c0: 80
06c1: 88
06c2: 88
06c3: a8
06c4: 08
06c5: 44
06c6: 40
06c7: aa
06c8: 14
06c9: 04
06ca: 04
06cb: 80
06cc: da
06cd: 15
06ce: 7a
06cf: 12
06d0: 83
06d1: 46
06d2: 50
06d3: a0
06d4: 01
06d5: 50
06d6: a0
06d7: 01
06d8: 54
06d9: 99
06da: 9b
06db: 33
06dc: 00
06dd: a8
06de: 0a
06df: 00
06e0: 00
06e1: 60
06e2: 05
06e3: 40
06e4: 00
06e5: e0
06e6: 00
06e7: 04
06e8: 00
06e9: 03
06ea: 00
06eb: 00
06ec: 40
06ed: 00
06ee: 20
06ef: a0
06f0: 00
06f1: 8b
06f2: b0
06f3: 60
06f4: 00
06f5: 00
06f6: c0
06f7: 04
06f8: 20
06f9: 04
06fa: 20
06fb: 04
06fe: 00
06ff: 00
0a00: 00
0a01: 00
0a02: 00
0a03: 60
0a04: 00
0a05: 00
0a06: 00
0a07: 00
0a08: 00
0a09: 00
0a0a: 00
0a0b: 00
0a0c: 00
0a0d: 00
0a0e: 00
0a0f: 00
0a10: 00
0a19: 00
0a1a: 00
0a1b: 60
0a1c: 00
0a1d: 00
0a1e: 00
0a1f: 00
0a20: 00
0a21: 00
0a22: 00
0a23: 00
0a24: 00
0a25: 00
0a26: 00
0a27: 00
0a28: 00
0a31: 04
0a32: 10
0a33: 02
0a34: 00
0a35: 00
0a36: 00
0a37: 00
0a38: 00
0a39: 01
0a3a: 3c
0a3b: 20
0a3c: 00
0a3d: 00
0a3e: 25
0a41: 04
0a42: 10
0a43: 02
0a44: 00
0a45: 00
0a46: 00
0a47: 00
0a48: 00
0a49: 01
0a4a: 3c
0a4b: 20
0a4c: 00
0a4d: 00
0a51: 04
0a52: 10
0a53: 02
0a54: 00
0a55: 00
0a56: 00
0a57: 00
0a58: 00
0a59: 01
0a5a: 3c
0a5b: 20
0a5c: 00
0a5d: 00
0a61: 04
0a62: 10
0a63: 02
0a64: 00
0a65: 00
0a66: 00
0a67: 00
0a68: 00
0a69: 01
0a6a: 3c
0a6b: 20
0a6c: 00
0a6d: 00
0a71: 04
0a72: 10
0a73: 02
0a74: 00
0a75: 00
0a76: 00
0a77: 00
0a78: 00
0a79: 01
0a7a: 3c
0a7b: 20
0a7c: 00
0a7d: 00
0a81: 04
0a82: 10
0a83: 02
0a84: 00
0a85: 00
0a86: 00
0a87: 00
0a88: 00
0a89: 01
0a8a: 3c
0a8b: 20
0a8c: 00
0a8d: 00
0a91: 04
0a92: 10
0a93: 02
0a94: 00
0a95: 00
0a96: 00
0a97: 00
0a98: 00
0a99: 01
0a9a: 3c
0a9b: 20
0a9c: 00
0a9d: 00
0aa1: 04
0aa2: 10
0aa3: 02
0aa4: 00
0aa5: 00
0aa6: 00
0aa7: 00
0aa8: 00
0aa9: 01
0aaa: 3c
0aab: 20
0aac: 00
0aad: 00
0ab1: 04
0ab2: 10
0ab3: 02
0ab4: 00
0ab5: 00
0ab6: 00
0ab7: 00
0ab8: 00
0ab9: 01
0aba: 3c
0abb: 20
0abc: 00
0abd: 00
0ac2: 02
0ac3: 01
0ac6: 02
0ac7: 01
0aca: 02
0acb: 01
0ace: 02
0acf: 01
0b00: 00
0b01: 60
0b02: db
0b03: ff
0b04: 35
0b05: ff
0b06: 00
0b07: 01
0b08: 08
0b09: 60
0b0a: db
0b0b: ff
0b0c: 35
0b0d: ff
0b0e: 00
0b0f: 01
0b10: 08
0b11: 60
0b12: db
0b13: ff
0b14: 35
0b15: ff
0b16: 00
0b17: 01
0b18: 08
0b19: 60
0b1a: db
0b1b: ff
0b1c: 35
0b1d: ff
0b1e: 00
0b1f: 01
0b20: 08
0b21: 60
0b22: db
0b23: ff
0b24: 35
0b25: ff
0b26: 00
0b27: 01
0b28: 08
0b29: 60
0b2a: db
0b2b: ff
0b2c: 35
0b2d: ff
0b2e: 00
0b2f: 01
0b30: 08
0b31: 60
0b32: db
0b33: ff
0b34: b5
0b35: ff
0b36: 00
0b37: 01
0b38: 19
0b39: 60
0b3a: db
0b3b: ff
0b3c: b5
0b3d: ff
0b3e: 00
0b3f: 01
0b40: 19
0b41: 04
0b42: 09
0b43: 44
0b44: 8f
0b45: 00
0b46: 04
0b47: 1f
0b48: 00
0b49: f5
0b4a: 08
0b4b: 00
0b4c: 00
0b4e: 00
0b4f: 00
0b50: 00
0b51: 08
0b52: 00
0b55: 04
0b56: 09
0b57: 44
0b58: 8f
0b59: 00
0b5a: 04
0b5b: 1f
0b5c: 00
0b5d: fd
0b5e: 08
0b5f: 00
0b60: 00
0b61: 00
0b62: 00
0b63: 00
0b64: 00
0b65: 08
0b66: 00
0b69: 04
0b6a: 09
0b6b: 44
0b6c: 8f
0b6d: 00
0b6e: 04
0b6f: 1f
0b70: 00
0b71: fd
0b72: 08
0b73: 00
0b74: 00
0b75: 00
0b76: 00
0b77: 00
0b78: 00
0b79: 08
0b7a: 00
0b7d: 04
0b7e: 01
0b7f: 44
0b80: 8f
0b81: 00
0b82: 04
0b83: 1f
0b84: 00
0b85: f4
0b86: 08
0b87: 00
0b88: 00
0b8a: 00
0b8b: 00
0b8c: 00
0b8d: 08
0b8e: 00
0b91: 04
0b92: 01
0b93: 44
0b94: 8f
0b95: 00
0b96: 04
0b97: 1f
0b98: 00
0b99: f4
0b9a: 08
0b9b: 00
0b9c: 00
0b9e: 00
0b9f: 00
0ba0: 00
0ba1: 08
0ba2: 00
0ba5: 04
0ba6: 01
0ba7: 44
0ba8: 8f
0ba9: 00
0baa: 04
0bab: 1f
0bac: 00
0bad: f8
0bae: 08
0baf: 00
0bb0: 00
0bb2: 00
0bb3: 00
0bb4: 00
0bb5: 08
0bb6: 00
0bb9: 04
0bba: 01
0bbb: 44
0bbc: 8f
0bbd: 00
0bbe: 04
0bbf: 1f
0bc0: 00
0bc1: f8
0bc2: 08
0bc3: 00
0bc4: 00
0bc6: 00
0bc7: 00
0bc8: 00
0bc9: 08
0bca: 00
0bcd: 04
0bce: 01
0bcf: 4c
0bd0: 8f
0bd1: 00
0bd2: 04
0bd3: 1f
0bd4: 00
0bd5: fc
0bd6: 08
0bd7: 00
0bd8: 00
0bda: 00
0bdb: 00
0bdc: 00
0bdd: 08
0bde: 00
0be1: 04
0be2: 01
0be3: 4c
0be4: 8f
0be5: 00
0be6: 04
0be7: 1f
0be8: 00
0be9: fc
0bea: 08
0beb: 00
0bec: 00
0bee: 00
0bef: 00
0bf0: 00
0bf1: 08
0bf2: 00
0c00: 00
0c01: 00
0c02: 03
0c03: 02
0c04: 1c
0c05: 39
0c06: 0c
0c07: 0c
0c08: 01
0c09: 00
0c0a: 00
0c0b: 60
0c0c: 00
0c0d: 00
0c0e: 00
0c0f: 07
0c10: 00
0c11: 00
0c19: 00
0c1a: d2
0c1b: 12
0c1c: 08
0c21: 00
0c22: d2
0c23: 12
0c24: 08
0c29: 00
0c2a: 00
0c2b: 00
0c2c: 00
0c2d: 00
0c2e: 00
0c2f: 00
0c30: 00
0c31: 00
0c32: 00
0c33: 00
0c34: 00
0c35: 00
0c36: 00
0c37: 00
0c38: 00
0c39: 0f
0c3a: 03
0c3d: 00
0c3e: 0a
0c3f: 00
0c40: 00
0c41: 04
0c42: e0
0c43: 01
0c44: 40
0c45: 2a
0c46: 86
0c47: 70
0c48: 18
0c49: 18
0c4a: 03
0c4b: 01
0c4c: 00
0c4d: 64
0c4e: 01
0c4f: 00
0c51: 00
0c55: 20
0c56: 00
0c6d: 20
0c6e: 00
0c85: 20
0c86: 00
0c9d: 20
0c9e: 00
0cb5: 04
0cb6: 00
0cb9: 04
0cba: 00
0d00: 00
0d01: 00
0d02: 00
0d03: 00
0d04: 00
0d05: 00
0d06: 00
0d07: 00
0d08: 00
0d09: 00
0d0a: 00
0d0b: 00
0d0c: 00
0d0d: 00
0d0e: 00
0d0f: 00
0d10: 00
0d11: 00
0d12: 00
0d13: 00
0d14: 00
0d15: 00
0d16: 00
0d17: 00
0d18: 00
0d19: 00
0d1a: 00
0d1b: 00
0d1d: 00
0d1e: 00
0d1f: 00
0d20: 00
0d21: 00
0d22: 00
0d23: 00
0d24: 00
0d25: 00
0d26: 00
0d27: 00
0d28: 00
0d29: 00
0d2b: 00
0d2c: 00
0d2d: 00
0d2e: 00
0d31: 00
0d32: 00
0d33: 00
0d34: 00
0d35: 00
0d36: 00
0d37: 00
0d38: 00
0d3a: 00
0d3b: 00
0d3c: 00
0d3d: 00
0d41: 00
0d42: 00
0d43: 00
0d49: 08
0d4a: 00
0d4b: 4b
0d4c: 00
0d4d: 00
0d4e: 00
0d4f: 00
0d50: 00
0d51: 00
0d52: 00
0d53: 00
0d54: 00
0d55: 00
0d56: e2
0d57: 00
0d58: 00
0d59: 00
0d5a: 00
0d5b: 00
0d5c: 00
0d5d: 00
0d5e: 40
0d5f: 00
0d60: 00
0d61: 00
0d65: 00
0d66: 00
0d67: 00
0d68: 00
0d69: 00
0d6a: 00
0d6b: 00
0d6c: 00
0d6d: 00
0d6e: 00
0d6f: 00
0d70: 00
0d71: 00
0d81: 00
0d82: 03
0d83: 00
0d84: 18
0d85: 00
0d86: 00
0d87: 00
0d88: 00
0d89: 00
0d8a: 00
0d8b: 00
0d8c: 00
0d8d: 00
0d8e: 00
0d8f: 00
0d90: 00
0d91: 00
0d92: 00
0d93: 00
0d94: 00
0d95: 00
0d96: 00
0d97: 00
0d98: 00
0d99: 00
0d9a: 00
0d9b: 00
0d9c: 00
8000: 00
8001: 00
8002: 00
8003: 00
8004: 00
8005: 00
8006: 00
8007: 00
8008: 00
8009: 00
800a: 00
800b: 00
800c: 00
800d: 00
800e: 00
800f: 00
8010: 00
8011: 00
8012: 00
8013: 00
8014: 00
8015: 00
8016: 00
8017: 00
8018: 00
8019: 00
801a: 00
801b: 00
801c: 00
8031: 00
8032: 00
8033: 00
8034: 00
8035: 00
8036: 00
8037: 00
8038: 00
8039: 00
803a: 00
803b: 10
803c: 60
803d: 00
8041: 00
8042: 00
8043: 00
8044: 00
8045: 00
